0 info it worked if it ends with ok
1 verbose cli [ 'node',
1 verbose cli   '/usr/local/bin/npm',
1 verbose cli   'install',
1 verbose cli   'client-backfire',
1 verbose cli   '--save-dev' ]
2 info using npm@2.7.3
3 info using node@v0.12.1
4 verbose node symlink /usr/local/bin/node
5 warn package.json todoapp@0.0.0 No description
6 warn package.json todoapp@0.0.0 No repository field.
7 warn package.json todoapp@0.0.0 No README data
8 silly cache add args [ 'client-backfire', null ]
9 verbose cache add spec client-backfire
10 silly cache add parsed spec { raw: 'client-backfire',
10 silly cache add   scope: null,
10 silly cache add   name: 'client-backfire',
10 silly cache add   rawSpec: '',
10 silly cache add   spec: '*',
10 silly cache add   type: 'range' }
11 verbose addNamed client-backfire@*
12 silly addNamed semver.valid null
13 silly addNamed semver.validRange *
14 silly addNameRange { name: 'client-backfire', range: '*', hasData: false }
15 silly mapToRegistry name client-backfire
16 silly mapToRegistry using default registry
17 silly mapToRegistry registry https://registry.npmjs.org/
18 silly mapToRegistry uri https://registry.npmjs.org/client-backfire
19 verbose addNameRange registry:https://registry.npmjs.org/client-backfire not in flight; fetching
20 verbose request uri https://registry.npmjs.org/client-backfire
21 verbose request no auth needed
22 info attempt registry request try #1 at 01:12:42
23 verbose request id 4ed5dfd8bb5f34c1
24 http request GET https://registry.npmjs.org/client-backfire
25 http 404 https://registry.npmjs.org/client-backfire
26 verbose headers { server: 'CouchDB/1.5.0 (Erlang OTP/R16B03)',
26 verbose headers   etag: '"EC0BV5U5X93A0TSVIIVESE3BJ"',
26 verbose headers   'content-type': 'application/json',
26 verbose headers   'cache-control': 'max-age=0',
26 verbose headers   'content-length': '525',
26 verbose headers   'accept-ranges': 'bytes',
26 verbose headers   date: 'Mon, 01 Jun 2015 00:12:43 GMT',
26 verbose headers   via: '1.1 varnish',
26 verbose headers   age: '0',
26 verbose headers   connection: 'keep-alive',
26 verbose headers   'x-served-by': 'cache-lhr6330-LHR',
26 verbose headers   'x-cache': 'MISS',
26 verbose headers   'x-cache-hits': '0',
26 verbose headers   'x-timer': 'S1433117563.062285,VS0,VE400',
26 verbose headers   vary: 'Accept' }
27 silly get cb [ 404,
27 silly get   { server: 'CouchDB/1.5.0 (Erlang OTP/R16B03)',
27 silly get     etag: '"EC0BV5U5X93A0TSVIIVESE3BJ"',
27 silly get     'content-type': 'application/json',
27 silly get     'cache-control': 'max-age=0',
27 silly get     'content-length': '525',
27 silly get     'accept-ranges': 'bytes',
27 silly get     date: 'Mon, 01 Jun 2015 00:12:43 GMT',
27 silly get     via: '1.1 varnish',
27 silly get     age: '0',
27 silly get     connection: 'keep-alive',
27 silly get     'x-served-by': 'cache-lhr6330-LHR',
27 silly get     'x-cache': 'MISS',
27 silly get     'x-cache-hits': '0',
27 silly get     'x-timer': 'S1433117563.062285,VS0,VE400',
27 silly get     vary: 'Accept' } ]
28 verbose stack Error: Registry returned 404 for GET on https://registry.npmjs.org/client-backfire
28 verbose stack     at CachingRegistryClient.<anonymous> (/usr/local/lib/node_modules/npm/node_modules/npm-registry-client/lib/request.js:244:14)
28 verbose stack     at Request._callback (/usr/local/lib/node_modules/npm/node_modules/npm-registry-client/lib/request.js:178:14)
28 verbose stack     at Request.self.callback (/usr/local/lib/node_modules/npm/node_modules/request/request.js:344:22)
28 verbose stack     at Request.emit (events.js:110:17)
28 verbose stack     at Request.<anonymous> (/usr/local/lib/node_modules/npm/node_modules/request/request.js:1239:14)
28 verbose stack     at Request.emit (events.js:129:20)
28 verbose stack     at IncomingMessage.<anonymous> (/usr/local/lib/node_modules/npm/node_modules/request/request.js:1187:12)
28 verbose stack     at IncomingMessage.emit (events.js:129:20)
28 verbose stack     at _stream_readable.js:908:16
28 verbose stack     at process._tickCallback (node.js:355:11)
29 verbose statusCode 404
30 verbose pkgid client-backfire
31 verbose cwd /Applications/XAMPP/xamppfiles/htdocs/backbone-lab/todoapp
32 error Darwin 13.2.0
33 error argv "node" "/usr/local/bin/npm" "install" "client-backfire" "--save-dev"
34 error node v0.12.1
35 error npm  v2.7.3
36 error code E404
37 error 404 Registry returned 404 for GET on https://registry.npmjs.org/client-backfire
37 error 404
37 error 404 'client-backfire' is not in the npm registry.
37 error 404 You should bug the author to publish it (or use the name yourself!)
37 error 404 It was specified as a dependency of 'todoapp'
37 error 404
37 error 404 Note that you can also install from a
37 error 404 tarball, folder, http url, or git url.
38 verbose exit [ 1, true ]
